2020-09-10 22:03:25,738 [Worker-0: Loading available Gradle versions] INFO  o.e.b.c.i.u.g.PublishedGradleVersions - Gradle version information cache is out-of-date. Trying to update.
2020-09-10 22:04:01,625 [Worker-2: Building] INFO  o.e.m.c.i.l.LifecycleMappingFactory - Using org.maven.ide.eclipse.wtp.WarLifecycleMapping lifecycle mapping for MavenProject: kopo:SpringForOracle:0.0.1-SNAPSHOT @ /Users/dead_line/DEV/SpringMail/SpringPRJ/pom.xml.
2020-09-10 22:04:02,829 [Worker-2: Building] WARN  o.e.m.c.i.embedder.EclipseLogger - Using platform encoding (UTF-8 actually) to copy filtered resources, i.e. build is platform dependent!
2020-09-10 22:04:02,831 [Worker-2: Building] INFO  o.e.m.c.i.embedder.EclipseLogger - skip non existing resourceDirectory /Users/dead_line/DEV/SpringMail/SpringPRJ/src/main/resources
2020-09-10 22:04:02,833 [Worker-2: Building] WARN  o.e.m.c.i.embedder.EclipseLogger - Using platform encoding (UTF-8 actually) to copy filtered resources, i.e. build is platform dependent!
2020-09-10 22:04:02,834 [Worker-2: Building] INFO  o.e.m.c.i.embedder.EclipseLogger - skip non existing resourceDirectory /Users/dead_line/DEV/SpringMail/SpringPRJ/src/test/resources
2020-09-10 22:04:03,350 [Worker-4: Updating Maven Dependencies] INFO  o.e.m.c.i.l.LifecycleMappingFactory - Using org.maven.ide.eclipse.wtp.WarLifecycleMapping lifecycle mapping for MavenProject: kopo:SpringForOracle:0.0.1-SNAPSHOT @ /Users/dead_line/DEV/SpringMail/SpringPRJ/pom.xml.
2020-09-10 22:04:13,129 [Worker-3: Building] WARN  o.e.m.c.i.embedder.EclipseLogger - Using platform encoding (UTF-8 actually) to copy filtered resources, i.e. build is platform dependent!
2020-09-10 22:04:13,130 [Worker-3: Building] INFO  o.e.m.c.i.embedder.EclipseLogger - skip non existing resourceDirectory /Users/dead_line/DEV/SpringMail/SpringPRJ/src/main/resources
2020-09-10 22:04:13,132 [Worker-3: Building] WARN  o.e.m.c.i.embedder.EclipseLogger - Using platform encoding (UTF-8 actually) to copy filtered resources, i.e. build is platform dependent!
2020-09-10 22:04:13,132 [Worker-3: Building] INFO  o.e.m.c.i.embedder.EclipseLogger - skip non existing resourceDirectory /Users/dead_line/DEV/SpringMail/SpringPRJ/src/test/resources
2020-09-10 22:04:36,525 [Worker-10: Building] WARN  o.e.m.c.i.embedder.EclipseLogger - Using platform encoding (UTF-8 actually) to copy filtered resources, i.e. build is platform dependent!
2020-09-10 22:04:36,526 [Worker-10: Building] INFO  o.e.m.c.i.embedder.EclipseLogger - skip non existing resourceDirectory /Users/dead_line/DEV/SpringMail/SpringPRJ/src/main/resources
2020-09-10 22:04:36,527 [Worker-10: Building] WARN  o.e.m.c.i.embedder.EclipseLogger - Using platform encoding (UTF-8 actually) to copy filtered resources, i.e. build is platform dependent!
2020-09-10 22:04:36,527 [Worker-10: Building] INFO  o.e.m.c.i.embedder.EclipseLogger - skip non existing resourceDirectory /Users/dead_line/DEV/SpringMail/SpringPRJ/src/test/resources
2020-09-10 22:04:49,779 [Worker-6: Building] WARN  o.e.m.c.i.embedder.EclipseLogger - Using platform encoding (UTF-8 actually) to copy filtered resources, i.e. build is platform dependent!
2020-09-10 22:04:49,780 [Worker-6: Building] INFO  o.e.m.c.i.embedder.EclipseLogger - skip non existing resourceDirectory /Users/dead_line/DEV/SpringMail/SpringPRJ/src/main/resources
2020-09-10 22:04:49,781 [Worker-6: Building] WARN  o.e.m.c.i.embedder.EclipseLogger - Using platform encoding (UTF-8 actually) to copy filtered resources, i.e. build is platform dependent!
2020-09-10 22:04:49,781 [Worker-6: Building] INFO  o.e.m.c.i.embedder.EclipseLogger - skip non existing resourceDirectory /Users/dead_line/DEV/SpringMail/SpringPRJ/src/test/resources
2020-09-10 22:08:11,363 [Worker-15: Building] INFO  o.e.m.c.i.l.LifecycleMappingFactory - Using org.maven.ide.eclipse.wtp.WarLifecycleMapping lifecycle mapping for MavenProject: kopo:SpringForOracle:0.0.1-SNAPSHOT @ /Users/dead_line/DEV/SpringMail/SpringPRJ/pom.xml.
2020-09-10 22:08:11,855 [Worker-15: Building] WARN  o.e.m.c.i.embedder.EclipseLogger - Using platform encoding (UTF-8 actually) to copy filtered resources, i.e. build is platform dependent!
2020-09-10 22:08:11,856 [Worker-15: Building] INFO  o.e.m.c.i.embedder.EclipseLogger - skip non existing resourceDirectory /Users/dead_line/DEV/SpringMail/SpringPRJ/src/main/resources
2020-09-10 22:08:11,858 [Worker-15: Building] WARN  o.e.m.c.i.embedder.EclipseLogger - Using platform encoding (UTF-8 actually) to copy filtered resources, i.e. build is platform dependent!
2020-09-10 22:08:11,859 [Worker-15: Building] INFO  o.e.m.c.i.embedder.EclipseLogger - skip non existing resourceDirectory /Users/dead_line/DEV/SpringMail/SpringPRJ/src/test/resources
2020-09-10 22:08:11,862 [Worker-15: Building] INFO  o.e.m.w.i.f.ResourceFilteringBuildParticipant - Changed resources require a complete clean of filtered resources of SpringPRJ
2020-09-10 22:08:11,863 [Worker-15: Building] INFO  o.e.m.w.i.f.ResourceFilteringBuildParticipant - Executing resource filtering for SpringPRJ
2020-09-10 22:08:11,866 [Worker-15: Building] WARN  o.e.m.c.i.embedder.EclipseLogger - The POM for org.apache.maven.plugins:maven-eclipse-plugin:jar:2.9 is missing, no dependency information available
2020-09-10 22:08:11,867 [Worker-15: Building] WARN  o.e.m.c.i.embedder.EclipseLogger - Failed to retrieve plugin descriptor for org.apache.maven.plugins:maven-eclipse-plugin:2.9: Plugin org.apache.maven.plugins:maven-eclipse-plugin:2.9 or one of its dependencies could not be resolved: Cannot access central (https://repo.maven.apache.org/maven2) in offline mode and the artifact org.apache.maven.plugins:maven-eclipse-plugin:jar:2.9 has not been downloaded from it before.
2020-09-10 22:08:11,868 [Worker-15: Building] WARN  o.e.m.c.i.embedder.EclipseLogger - The POM for org.codehaus.mojo:exec-maven-plugin:jar:1.2.1 is missing, no dependency information available
2020-09-10 22:08:11,868 [Worker-15: Building] WARN  o.e.m.c.i.embedder.EclipseLogger - Failed to retrieve plugin descriptor for org.codehaus.mojo:exec-maven-plugin:1.2.1: Plugin org.codehaus.mojo:exec-maven-plugin:1.2.1 or one of its dependencies could not be resolved: Cannot access central (https://repo.maven.apache.org/maven2) in offline mode and the artifact org.codehaus.mojo:exec-maven-plugin:jar:1.2.1 has not been downloaded from it before.
2020-09-10 22:08:11,869 [Worker-15: Building] WARN  o.e.m.c.i.embedder.EclipseLogger - The POM for om.fasterxml.jackson.core:jackson-core:jar:2.8.9 is missing, no dependency information available
2020-09-10 22:08:11,869 [Worker-15: Building] WARN  o.e.m.c.i.embedder.EclipseLogger - Failed to retrieve plugin descriptor for om.fasterxml.jackson.core:jackson-core:2.8.9: Plugin om.fasterxml.jackson.core:jackson-core:2.8.9 or one of its dependencies could not be resolved: Cannot access central (https://repo.maven.apache.org/maven2) in offline mode and the artifact om.fasterxml.jackson.core:jackson-core:jar:2.8.9 has not been downloaded from it before.
2020-09-10 22:08:11,870 [Worker-15: Building] WARN  o.e.m.c.i.embedder.EclipseLogger - The POM for org.apache.maven.plugins:maven-clean-plugin:jar:2.5 is missing, no dependency information available
2020-09-10 22:08:11,872 [Worker-15: Building] WARN  o.e.m.c.i.embedder.EclipseLogger - The POM for org.apache.maven.plugins:maven-eclipse-plugin:jar:2.9 is missing, no dependency information available
2020-09-10 22:08:11,873 [Worker-15: Building] WARN  o.e.m.c.i.embedder.EclipseLogger - Failed to retrieve plugin descriptor for org.apache.maven.plugins:maven-eclipse-plugin:2.9: Plugin org.apache.maven.plugins:maven-eclipse-plugin:2.9 or one of its dependencies could not be resolved: Cannot access central (https://repo.maven.apache.org/maven2) in offline mode and the artifact org.apache.maven.plugins:maven-eclipse-plugin:jar:2.9 has not been downloaded from it before.
2020-09-10 22:08:11,874 [Worker-15: Building] WARN  o.e.m.c.i.embedder.EclipseLogger - The POM for org.codehaus.mojo:exec-maven-plugin:jar:1.2.1 is missing, no dependency information available
2020-09-10 22:08:11,874 [Worker-15: Building] WARN  o.e.m.c.i.embedder.EclipseLogger - Failed to retrieve plugin descriptor for org.codehaus.mojo:exec-maven-plugin:1.2.1: Plugin org.codehaus.mojo:exec-maven-plugin:1.2.1 or one of its dependencies could not be resolved: Cannot access central (https://repo.maven.apache.org/maven2) in offline mode and the artifact org.codehaus.mojo:exec-maven-plugin:jar:1.2.1 has not been downloaded from it before.
2020-09-10 22:08:11,875 [Worker-15: Building] WARN  o.e.m.c.i.embedder.EclipseLogger - The POM for om.fasterxml.jackson.core:jackson-core:jar:2.8.9 is missing, no dependency information available
2020-09-10 22:08:11,875 [Worker-15: Building] WARN  o.e.m.c.i.embedder.EclipseLogger - Failed to retrieve plugin descriptor for om.fasterxml.jackson.core:jackson-core:2.8.9: Plugin om.fasterxml.jackson.core:jackson-core:2.8.9 or one of its dependencies could not be resolved: Cannot access central (https://repo.maven.apache.org/maven2) in offline mode and the artifact om.fasterxml.jackson.core:jackson-core:jar:2.8.9 has not been downloaded from it before.
2020-09-10 22:08:11,878 [Worker-15: Building] WARN  o.e.m.c.i.embedder.EclipseLogger - Using platform encoding (UTF-8 actually) to copy filtered resources, i.e. build is platform dependent!
2020-09-10 22:08:27,672 [Worker-17: Updating Maven Project] INFO  o.e.m.c.i.p.ProjectConfigurationManager - Update started
2020-09-10 22:08:27,833 [Worker-17: Updating Maven Project] INFO  o.e.m.c.i.l.LifecycleMappingFactory - Using org.maven.ide.eclipse.wtp.WarLifecycleMapping lifecycle mapping for MavenProject: kopo:SpringForOracle:0.0.1-SNAPSHOT @ /Users/dead_line/DEV/SpringMail/SpringPRJ/pom.xml.
2020-09-10 22:08:28,196 [Worker-17: Updating Maven Project] INFO  o.e.m.j.i.AbstractJavaProjectConfigurator - Not adding source folder /SpringPRJ/src/main/java because it overlaps with /SpringPRJ/src
2020-09-10 22:08:28,196 [Worker-17: Updating Maven Project] INFO  o.e.m.j.i.AbstractJavaProjectConfigurator - Not adding source folder /SpringPRJ/src/test/java because it overlaps with /SpringPRJ/src
2020-09-10 22:08:46,803 [Worker-17: Updating Maven Project] INFO  o.e.m.w.i.f.ResourceFilteringBuildParticipant - Cleaning filtered folder for SpringPRJ
2020-09-10 22:08:46,806 [Worker-17: Updating Maven Project] INFO  o.e.m.c.i.p.ProjectConfigurationManager - Update completed: 19 sec
2020-09-10 22:08:47,056 [Worker-15: Building] WARN  o.e.m.c.i.embedder.EclipseLogger - Using platform encoding (UTF-8 actually) to copy filtered resources, i.e. build is platform dependent!
2020-09-10 22:08:47,057 [Worker-15: Building] INFO  o.e.m.c.i.embedder.EclipseLogger - skip non existing resourceDirectory /Users/dead_line/DEV/SpringMail/SpringPRJ/src/main/resources
2020-09-10 22:08:47,059 [Worker-15: Building] WARN  o.e.m.c.i.embedder.EclipseLogger - Using platform encoding (UTF-8 actually) to copy filtered resources, i.e. build is platform dependent!
2020-09-10 22:08:47,059 [Worker-15: Building] INFO  o.e.m.c.i.embedder.EclipseLogger - skip non existing resourceDirectory /Users/dead_line/DEV/SpringMail/SpringPRJ/src/test/resources
2020-09-10 22:08:47,059 [Worker-15: Building] INFO  o.e.m.w.i.f.ResourceFilteringBuildParticipant - Changed resources require a complete clean of filtered resources of SpringPRJ
2020-09-10 22:08:47,059 [Worker-15: Building] INFO  o.e.m.w.i.f.ResourceFilteringBuildParticipant - Executing resource filtering for SpringPRJ
2020-09-10 22:08:47,061 [Worker-15: Building] WARN  o.e.m.c.i.embedder.EclipseLogger - The POM for org.apache.maven.plugins:maven-eclipse-plugin:jar:2.9 is missing, no dependency information available
2020-09-10 22:08:47,062 [Worker-15: Building] WARN  o.e.m.c.i.embedder.EclipseLogger - Failed to retrieve plugin descriptor for org.apache.maven.plugins:maven-eclipse-plugin:2.9: Plugin org.apache.maven.plugins:maven-eclipse-plugin:2.9 or one of its dependencies could not be resolved: Cannot access central (https://repo.maven.apache.org/maven2) in offline mode and the artifact org.apache.maven.plugins:maven-eclipse-plugin:jar:2.9 has not been downloaded from it before.
2020-09-10 22:08:47,062 [Worker-15: Building] WARN  o.e.m.c.i.embedder.EclipseLogger - The POM for org.codehaus.mojo:exec-maven-plugin:jar:1.2.1 is missing, no dependency information available
2020-09-10 22:08:47,063 [Worker-15: Building] WARN  o.e.m.c.i.embedder.EclipseLogger - Failed to retrieve plugin descriptor for org.codehaus.mojo:exec-maven-plugin:1.2.1: Plugin org.codehaus.mojo:exec-maven-plugin:1.2.1 or one of its dependencies could not be resolved: Cannot access central (https://repo.maven.apache.org/maven2) in offline mode and the artifact org.codehaus.mojo:exec-maven-plugin:jar:1.2.1 has not been downloaded from it before.
2020-09-10 22:08:47,064 [Worker-15: Building] WARN  o.e.m.c.i.embedder.EclipseLogger - The POM for om.fasterxml.jackson.core:jackson-core:jar:2.8.9 is missing, no dependency information available
2020-09-10 22:08:47,065 [Worker-15: Building] WARN  o.e.m.c.i.embedder.EclipseLogger - Failed to retrieve plugin descriptor for om.fasterxml.jackson.core:jackson-core:2.8.9: Plugin om.fasterxml.jackson.core:jackson-core:2.8.9 or one of its dependencies could not be resolved: Cannot access central (https://repo.maven.apache.org/maven2) in offline mode and the artifact om.fasterxml.jackson.core:jackson-core:jar:2.8.9 has not been downloaded from it before.
2020-09-10 22:08:47,066 [Worker-15: Building] WARN  o.e.m.c.i.embedder.EclipseLogger - The POM for org.apache.maven.plugins:maven-eclipse-plugin:jar:2.9 is missing, no dependency information available
2020-09-10 22:08:47,066 [Worker-15: Building] WARN  o.e.m.c.i.embedder.EclipseLogger - Failed to retrieve plugin descriptor for org.apache.maven.plugins:maven-eclipse-plugin:2.9: Plugin org.apache.maven.plugins:maven-eclipse-plugin:2.9 or one of its dependencies could not be resolved: Cannot access central (https://repo.maven.apache.org/maven2) in offline mode and the artifact org.apache.maven.plugins:maven-eclipse-plugin:jar:2.9 has not been downloaded from it before.
2020-09-10 22:08:47,067 [Worker-15: Building] WARN  o.e.m.c.i.embedder.EclipseLogger - The POM for org.codehaus.mojo:exec-maven-plugin:jar:1.2.1 is missing, no dependency information available
2020-09-10 22:08:47,067 [Worker-15: Building] WARN  o.e.m.c.i.embedder.EclipseLogger - Failed to retrieve plugin descriptor for org.codehaus.mojo:exec-maven-plugin:1.2.1: Plugin org.codehaus.mojo:exec-maven-plugin:1.2.1 or one of its dependencies could not be resolved: Cannot access central (https://repo.maven.apache.org/maven2) in offline mode and the artifact org.codehaus.mojo:exec-maven-plugin:jar:1.2.1 has not been downloaded from it before.
2020-09-10 22:08:47,068 [Worker-15: Building] WARN  o.e.m.c.i.embedder.EclipseLogger - The POM for om.fasterxml.jackson.core:jackson-core:jar:2.8.9 is missing, no dependency information available
2020-09-10 22:08:47,069 [Worker-15: Building] WARN  o.e.m.c.i.embedder.EclipseLogger - Failed to retrieve plugin descriptor for om.fasterxml.jackson.core:jackson-core:2.8.9: Plugin om.fasterxml.jackson.core:jackson-core:2.8.9 or one of its dependencies could not be resolved: Cannot access central (https://repo.maven.apache.org/maven2) in offline mode and the artifact om.fasterxml.jackson.core:jackson-core:jar:2.8.9 has not been downloaded from it before.
2020-09-10 22:08:47,072 [Worker-15: Building] WARN  o.e.m.c.i.embedder.EclipseLogger - Using platform encoding (UTF-8 actually) to copy filtered resources, i.e. build is platform dependent!
2020-09-10 22:09:38,907 [Worker-16: Building] WARN  o.e.m.c.i.embedder.EclipseLogger - Using platform encoding (UTF-8 actually) to copy filtered resources, i.e. build is platform dependent!
2020-09-10 22:09:38,908 [Worker-16: Building] INFO  o.e.m.c.i.embedder.EclipseLogger - skip non existing resourceDirectory /Users/dead_line/DEV/SpringMail/SpringPRJ/src/main/resources
2020-09-10 22:09:38,909 [Worker-16: Building] WARN  o.e.m.c.i.embedder.EclipseLogger - Using platform encoding (UTF-8 actually) to copy filtered resources, i.e. build is platform dependent!
2020-09-10 22:09:38,909 [Worker-16: Building] INFO  o.e.m.c.i.embedder.EclipseLogger - skip non existing resourceDirectory /Users/dead_line/DEV/SpringMail/SpringPRJ/src/test/resources
2020-09-10 22:09:45,859 [Worker-17: Building] WARN  o.e.m.c.i.embedder.EclipseLogger - Using platform encoding (UTF-8 actually) to copy filtered resources, i.e. build is platform dependent!
2020-09-10 22:09:45,860 [Worker-17: Building] INFO  o.e.m.c.i.embedder.EclipseLogger - skip non existing resourceDirectory /Users/dead_line/DEV/SpringMail/SpringPRJ/src/main/resources
2020-09-10 22:09:45,860 [Worker-17: Building] WARN  o.e.m.c.i.embedder.EclipseLogger - Using platform encoding (UTF-8 actually) to copy filtered resources, i.e. build is platform dependent!
2020-09-10 22:09:45,861 [Worker-17: Building] INFO  o.e.m.c.i.embedder.EclipseLogger - skip non existing resourceDirectory /Users/dead_line/DEV/SpringMail/SpringPRJ/src/test/resources
2020-09-10 22:15:43,359 [Worker-18: Building] WARN  o.e.m.c.i.embedder.EclipseLogger - Using platform encoding (UTF-8 actually) to copy filtered resources, i.e. build is platform dependent!
2020-09-10 22:15:43,361 [Worker-18: Building] INFO  o.e.m.c.i.embedder.EclipseLogger - skip non existing resourceDirectory /Users/dead_line/DEV/SpringMail/SpringPRJ/src/main/resources
2020-09-10 22:15:43,362 [Worker-18: Building] WARN  o.e.m.c.i.embedder.EclipseLogger - Using platform encoding (UTF-8 actually) to copy filtered resources, i.e. build is platform dependent!
2020-09-10 22:15:43,363 [Worker-18: Building] INFO  o.e.m.c.i.embedder.EclipseLogger - skip non existing resourceDirectory /Users/dead_line/DEV/SpringMail/SpringPRJ/src/test/resources
2020-09-10 22:16:13,483 [Worker-14: Building] WARN  o.e.m.c.i.embedder.EclipseLogger - Using platform encoding (UTF-8 actually) to copy filtered resources, i.e. build is platform dependent!
2020-09-10 22:16:13,485 [Worker-14: Building] INFO  o.e.m.c.i.embedder.EclipseLogger - skip non existing resourceDirectory /Users/dead_line/DEV/SpringMail/SpringPRJ/src/main/resources
2020-09-10 22:16:13,487 [Worker-14: Building] WARN  o.e.m.c.i.embedder.EclipseLogger - Using platform encoding (UTF-8 actually) to copy filtered resources, i.e. build is platform dependent!
2020-09-10 22:16:13,487 [Worker-14: Building] INFO  o.e.m.c.i.embedder.EclipseLogger - skip non existing resourceDirectory /Users/dead_line/DEV/SpringMail/SpringPRJ/src/test/resources
2020-09-10 22:17:11,861 [Worker-21: Building] WARN  o.e.m.c.i.embedder.EclipseLogger - Using platform encoding (UTF-8 actually) to copy filtered resources, i.e. build is platform dependent!
2020-09-10 22:17:11,862 [Worker-21: Building] INFO  o.e.m.c.i.embedder.EclipseLogger - skip non existing resourceDirectory /Users/dead_line/DEV/SpringMail/SpringPRJ/src/main/resources
2020-09-10 22:17:11,863 [Worker-21: Building] WARN  o.e.m.c.i.embedder.EclipseLogger - Using platform encoding (UTF-8 actually) to copy filtered resources, i.e. build is platform dependent!
2020-09-10 22:17:11,864 [Worker-21: Building] INFO  o.e.m.c.i.embedder.EclipseLogger - skip non existing resourceDirectory /Users/dead_line/DEV/SpringMail/SpringPRJ/src/test/resources
2020-09-10 22:17:15,173 [Worker-18: Building] WARN  o.e.m.c.i.embedder.EclipseLogger - Using platform encoding (UTF-8 actually) to copy filtered resources, i.e. build is platform dependent!
2020-09-10 22:17:15,173 [Worker-18: Building] INFO  o.e.m.c.i.embedder.EclipseLogger - skip non existing resourceDirectory /Users/dead_line/DEV/SpringMail/SpringPRJ/src/main/resources
2020-09-10 22:17:15,175 [Worker-18: Building] WARN  o.e.m.c.i.embedder.EclipseLogger - Using platform encoding (UTF-8 actually) to copy filtered resources, i.e. build is platform dependent!
2020-09-10 22:17:15,175 [Worker-18: Building] INFO  o.e.m.c.i.embedder.EclipseLogger - skip non existing resourceDirectory /Users/dead_line/DEV/SpringMail/SpringPRJ/src/test/resources
2020-09-10 22:17:21,470 [Worker-22: Building] WARN  o.e.m.c.i.embedder.EclipseLogger - Using platform encoding (UTF-8 actually) to copy filtered resources, i.e. build is platform dependent!
2020-09-10 22:17:21,472 [Worker-22: Building] INFO  o.e.m.c.i.embedder.EclipseLogger - skip non existing resourceDirectory /Users/dead_line/DEV/SpringMail/SpringPRJ/src/main/resources
2020-09-10 22:17:21,474 [Worker-22: Building] WARN  o.e.m.c.i.embedder.EclipseLogger - Using platform encoding (UTF-8 actually) to copy filtered resources, i.e. build is platform dependent!
2020-09-10 22:17:21,475 [Worker-22: Building] INFO  o.e.m.c.i.embedder.EclipseLogger - skip non existing resourceDirectory /Users/dead_line/DEV/SpringMail/SpringPRJ/src/test/resources
2020-09-10 22:17:36,836 [Worker-20: Building] WARN  o.e.m.c.i.embedder.EclipseLogger - Using platform encoding (UTF-8 actually) to copy filtered resources, i.e. build is platform dependent!
2020-09-10 22:17:36,837 [Worker-20: Building] INFO  o.e.m.c.i.embedder.EclipseLogger - skip non existing resourceDirectory /Users/dead_line/DEV/SpringMail/SpringPRJ/src/main/resources
2020-09-10 22:17:36,838 [Worker-20: Building] WARN  o.e.m.c.i.embedder.EclipseLogger - Using platform encoding (UTF-8 actually) to copy filtered resources, i.e. build is platform dependent!
2020-09-10 22:17:36,839 [Worker-20: Building] INFO  o.e.m.c.i.embedder.EclipseLogger - skip non existing resourceDirectory /Users/dead_line/DEV/SpringMail/SpringPRJ/src/test/resources
2020-09-10 22:17:46,336 [Worker-21: Building] WARN  o.e.m.c.i.embedder.EclipseLogger - Using platform encoding (UTF-8 actually) to copy filtered resources, i.e. build is platform dependent!
2020-09-10 22:17:46,337 [Worker-21: Building] INFO  o.e.m.c.i.embedder.EclipseLogger - skip non existing resourceDirectory /Users/dead_line/DEV/SpringMail/SpringPRJ/src/main/resources
2020-09-10 22:17:46,338 [Worker-21: Building] WARN  o.e.m.c.i.embedder.EclipseLogger - Using platform encoding (UTF-8 actually) to copy filtered resources, i.e. build is platform dependent!
2020-09-10 22:17:46,339 [Worker-21: Building] INFO  o.e.m.c.i.embedder.EclipseLogger - skip non existing resourceDirectory /Users/dead_line/DEV/SpringMail/SpringPRJ/src/test/resources
2020-09-10 22:17:57,010 [Worker-20: Building] WARN  o.e.m.c.i.embedder.EclipseLogger - Using platform encoding (UTF-8 actually) to copy filtered resources, i.e. build is platform dependent!
2020-09-10 22:17:57,012 [Worker-20: Building] INFO  o.e.m.c.i.embedder.EclipseLogger - skip non existing resourceDirectory /Users/dead_line/DEV/SpringMail/SpringPRJ/src/main/resources
2020-09-10 22:17:57,013 [Worker-20: Building] WARN  o.e.m.c.i.embedder.EclipseLogger - Using platform encoding (UTF-8 actually) to copy filtered resources, i.e. build is platform dependent!
2020-09-10 22:17:57,014 [Worker-20: Building] INFO  o.e.m.c.i.embedder.EclipseLogger - skip non existing resourceDirectory /Users/dead_line/DEV/SpringMail/SpringPRJ/src/test/resources
2020-09-10 22:22:59,167 [Worker-14: Building] WARN  o.e.m.c.i.embedder.EclipseLogger - Using platform encoding (UTF-8 actually) to copy filtered resources, i.e. build is platform dependent!
2020-09-10 22:22:59,171 [Worker-14: Building] INFO  o.e.m.c.i.embedder.EclipseLogger - skip non existing resourceDirectory /Users/dead_line/DEV/SpringMail/SpringPRJ/src/main/resources
2020-09-10 22:22:59,172 [Worker-14: Building] WARN  o.e.m.c.i.embedder.EclipseLogger - Using platform encoding (UTF-8 actually) to copy filtered resources, i.e. build is platform dependent!
2020-09-10 22:22:59,173 [Worker-14: Building] INFO  o.e.m.c.i.embedder.EclipseLogger - skip non existing resourceDirectory /Users/dead_line/DEV/SpringMail/SpringPRJ/src/test/resources
2020-09-10 22:23:31,963 [Worker-16: Building] WARN  o.e.m.c.i.embedder.EclipseLogger - Using platform encoding (UTF-8 actually) to copy filtered resources, i.e. build is platform dependent!
2020-09-10 22:23:31,964 [Worker-16: Building] INFO  o.e.m.c.i.embedder.EclipseLogger - skip non existing resourceDirectory /Users/dead_line/DEV/SpringMail/SpringPRJ/src/main/resources
2020-09-10 22:23:31,965 [Worker-16: Building] WARN  o.e.m.c.i.embedder.EclipseLogger - Using platform encoding (UTF-8 actually) to copy filtered resources, i.e. build is platform dependent!
2020-09-10 22:23:31,966 [Worker-16: Building] INFO  o.e.m.c.i.embedder.EclipseLogger - skip non existing resourceDirectory /Users/dead_line/DEV/SpringMail/SpringPRJ/src/test/resources
2020-09-10 22:26:23,807 [Worker-28: Building] WARN  o.e.m.c.i.embedder.EclipseLogger - Using platform encoding (UTF-8 actually) to copy filtered resources, i.e. build is platform dependent!
2020-09-10 22:26:23,810 [Worker-28: Building] INFO  o.e.m.c.i.embedder.EclipseLogger - skip non existing resourceDirectory /Users/dead_line/DEV/SpringMail/SpringPRJ/src/main/resources
2020-09-10 22:26:23,811 [Worker-28: Building] WARN  o.e.m.c.i.embedder.EclipseLogger - Using platform encoding (UTF-8 actually) to copy filtered resources, i.e. build is platform dependent!
2020-09-10 22:26:23,811 [Worker-28: Building] INFO  o.e.m.c.i.embedder.EclipseLogger - skip non existing resourceDirectory /Users/dead_line/DEV/SpringMail/SpringPRJ/src/test/resources
2020-09-10 22:26:40,132 [Worker-30: Building] WARN  o.e.m.c.i.embedder.EclipseLogger - Using platform encoding (UTF-8 actually) to copy filtered resources, i.e. build is platform dependent!
2020-09-10 22:26:40,135 [Worker-30: Building] INFO  o.e.m.c.i.embedder.EclipseLogger - skip non existing resourceDirectory /Users/dead_line/DEV/SpringMail/SpringPRJ/src/main/resources
2020-09-10 22:26:40,136 [Worker-30: Building] WARN  o.e.m.c.i.embedder.EclipseLogger - Using platform encoding (UTF-8 actually) to copy filtered resources, i.e. build is platform dependent!
2020-09-10 22:26:40,140 [Worker-30: Building] INFO  o.e.m.c.i.embedder.EclipseLogger - skip non existing resourceDirectory /Users/dead_line/DEV/SpringMail/SpringPRJ/src/test/resources
2020-09-10 22:26:45,980 [Worker-30: Building] WARN  o.e.m.c.i.embedder.EclipseLogger - Using platform encoding (UTF-8 actually) to copy filtered resources, i.e. build is platform dependent!
2020-09-10 22:26:45,980 [Worker-30: Building] INFO  o.e.m.c.i.embedder.EclipseLogger - skip non existing resourceDirectory /Users/dead_line/DEV/SpringMail/SpringPRJ/src/main/resources
2020-09-10 22:26:45,982 [Worker-30: Building] WARN  o.e.m.c.i.embedder.EclipseLogger - Using platform encoding (UTF-8 actually) to copy filtered resources, i.e. build is platform dependent!
2020-09-10 22:26:45,983 [Worker-30: Building] INFO  o.e.m.c.i.embedder.EclipseLogger - skip non existing resourceDirectory /Users/dead_line/DEV/SpringMail/SpringPRJ/src/test/resources
2020-09-10 22:26:59,562 [Worker-31: Building] WARN  o.e.m.c.i.embedder.EclipseLogger - Using platform encoding (UTF-8 actually) to copy filtered resources, i.e. build is platform dependent!
2020-09-10 22:26:59,562 [Worker-31: Building] INFO  o.e.m.c.i.embedder.EclipseLogger - skip non existing resourceDirectory /Users/dead_line/DEV/SpringMail/SpringPRJ/src/main/resources
2020-09-10 22:26:59,564 [Worker-31: Building] WARN  o.e.m.c.i.embedder.EclipseLogger - Using platform encoding (UTF-8 actually) to copy filtered resources, i.e. build is platform dependent!
2020-09-10 22:26:59,565 [Worker-31: Building] INFO  o.e.m.c.i.embedder.EclipseLogger - skip non existing resourceDirectory /Users/dead_line/DEV/SpringMail/SpringPRJ/src/test/resources
2020-09-10 22:27:01,878 [Worker-31: Building] WARN  o.e.m.c.i.embedder.EclipseLogger - Using platform encoding (UTF-8 actually) to copy filtered resources, i.e. build is platform dependent!
2020-09-10 22:27:01,879 [Worker-31: Building] INFO  o.e.m.c.i.embedder.EclipseLogger - skip non existing resourceDirectory /Users/dead_line/DEV/SpringMail/SpringPRJ/src/main/resources
2020-09-10 22:27:01,880 [Worker-31: Building] WARN  o.e.m.c.i.embedder.EclipseLogger - Using platform encoding (UTF-8 actually) to copy filtered resources, i.e. build is platform dependent!
2020-09-10 22:27:01,881 [Worker-31: Building] INFO  o.e.m.c.i.embedder.EclipseLogger - skip non existing resourceDirectory /Users/dead_line/DEV/SpringMail/SpringPRJ/src/test/resources
2020-09-10 22:28:20,179 [Worker-32: Building] WARN  o.e.m.c.i.embedder.EclipseLogger - Using platform encoding (UTF-8 actually) to copy filtered resources, i.e. build is platform dependent!
2020-09-10 22:28:20,179 [Worker-32: Building] INFO  o.e.m.c.i.embedder.EclipseLogger - skip non existing resourceDirectory /Users/dead_line/DEV/SpringMail/SpringPRJ/src/main/resources
2020-09-10 22:28:20,181 [Worker-32: Building] WARN  o.e.m.c.i.embedder.EclipseLogger - Using platform encoding (UTF-8 actually) to copy filtered resources, i.e. build is platform dependent!
2020-09-10 22:28:20,181 [Worker-32: Building] INFO  o.e.m.c.i.embedder.EclipseLogger - skip non existing resourceDirectory /Users/dead_line/DEV/SpringMail/SpringPRJ/src/test/resources
2020-09-10 22:28:27,421 [Worker-20: Building] WARN  o.e.m.c.i.embedder.EclipseLogger - Using platform encoding (UTF-8 actually) to copy filtered resources, i.e. build is platform dependent!
2020-09-10 22:28:27,422 [Worker-20: Building] INFO  o.e.m.c.i.embedder.EclipseLogger - skip non existing resourceDirectory /Users/dead_line/DEV/SpringMail/SpringPRJ/src/main/resources
2020-09-10 22:28:27,422 [Worker-20: Building] WARN  o.e.m.c.i.embedder.EclipseLogger - Using platform encoding (UTF-8 actually) to copy filtered resources, i.e. build is platform dependent!
2020-09-10 22:28:27,423 [Worker-20: Building] INFO  o.e.m.c.i.embedder.EclipseLogger - skip non existing resourceDirectory /Users/dead_line/DEV/SpringMail/SpringPRJ/src/test/resources
2020-09-10 22:28:32,139 [Worker-29: Building] WARN  o.e.m.c.i.embedder.EclipseLogger - Using platform encoding (UTF-8 actually) to copy filtered resources, i.e. build is platform dependent!
2020-09-10 22:28:32,140 [Worker-29: Building] INFO  o.e.m.c.i.embedder.EclipseLogger - skip non existing resourceDirectory /Users/dead_line/DEV/SpringMail/SpringPRJ/src/main/resources
2020-09-10 22:28:32,141 [Worker-29: Building] WARN  o.e.m.c.i.embedder.EclipseLogger - Using platform encoding (UTF-8 actually) to copy filtered resources, i.e. build is platform dependent!
2020-09-10 22:28:32,142 [Worker-29: Building] INFO  o.e.m.c.i.embedder.EclipseLogger - skip non existing resourceDirectory /Users/dead_line/DEV/SpringMail/SpringPRJ/src/test/resources
2020-09-10 22:28:58,491 [Worker-28: Building] WARN  o.e.m.c.i.embedder.EclipseLogger - Using platform encoding (UTF-8 actually) to copy filtered resources, i.e. build is platform dependent!
2020-09-10 22:28:58,491 [Worker-28: Building] INFO  o.e.m.c.i.embedder.EclipseLogger - skip non existing resourceDirectory /Users/dead_line/DEV/SpringMail/SpringPRJ/src/main/resources
2020-09-10 22:28:58,492 [Worker-28: Building] WARN  o.e.m.c.i.embedder.EclipseLogger - Using platform encoding (UTF-8 actually) to copy filtered resources, i.e. build is platform dependent!
2020-09-10 22:28:58,493 [Worker-28: Building] INFO  o.e.m.c.i.embedder.EclipseLogger - skip non existing resourceDirectory /Users/dead_line/DEV/SpringMail/SpringPRJ/src/test/resources
2020-09-10 22:29:06,850 [Worker-32: Building] WARN  o.e.m.c.i.embedder.EclipseLogger - Using platform encoding (UTF-8 actually) to copy filtered resources, i.e. build is platform dependent!
2020-09-10 22:29:06,852 [Worker-32: Building] INFO  o.e.m.c.i.embedder.EclipseLogger - skip non existing resourceDirectory /Users/dead_line/DEV/SpringMail/SpringPRJ/src/main/resources
2020-09-10 22:29:06,853 [Worker-32: Building] WARN  o.e.m.c.i.embedder.EclipseLogger - Using platform encoding (UTF-8 actually) to copy filtered resources, i.e. build is platform dependent!
2020-09-10 22:29:06,854 [Worker-32: Building] INFO  o.e.m.c.i.embedder.EclipseLogger - skip non existing resourceDirectory /Users/dead_line/DEV/SpringMail/SpringPRJ/src/test/resources
2020-09-10 22:30:29,271 [Worker-34: Building] WARN  o.e.m.c.i.embedder.EclipseLogger - Using platform encoding (UTF-8 actually) to copy filtered resources, i.e. build is platform dependent!
2020-09-10 22:30:29,273 [Worker-34: Building] INFO  o.e.m.c.i.embedder.EclipseLogger - skip non existing resourceDirectory /Users/dead_line/DEV/SpringMail/SpringPRJ/src/main/resources
2020-09-10 22:30:29,273 [Worker-34: Building] WARN  o.e.m.c.i.embedder.EclipseLogger - Using platform encoding (UTF-8 actually) to copy filtered resources, i.e. build is platform dependent!
2020-09-10 22:30:29,274 [Worker-34: Building] INFO  o.e.m.c.i.embedder.EclipseLogger - skip non existing resourceDirectory /Users/dead_line/DEV/SpringMail/SpringPRJ/src/test/resources
2020-09-10 22:31:13,407 [Worker-34: Building] WARN  o.e.m.c.i.embedder.EclipseLogger - Using platform encoding (UTF-8 actually) to copy filtered resources, i.e. build is platform dependent!
2020-09-10 22:31:13,409 [Worker-34: Building] INFO  o.e.m.c.i.embedder.EclipseLogger - skip non existing resourceDirectory /Users/dead_line/DEV/SpringMail/SpringPRJ/src/main/resources
2020-09-10 22:31:13,410 [Worker-34: Building] WARN  o.e.m.c.i.embedder.EclipseLogger - Using platform encoding (UTF-8 actually) to copy filtered resources, i.e. build is platform dependent!
2020-09-10 22:31:13,411 [Worker-34: Building] INFO  o.e.m.c.i.embedder.EclipseLogger - skip non existing resourceDirectory /Users/dead_line/DEV/SpringMail/SpringPRJ/src/test/resources
2020-09-10 22:31:25,716 [Worker-29: Building] WARN  o.e.m.c.i.embedder.EclipseLogger - Using platform encoding (UTF-8 actually) to copy filtered resources, i.e. build is platform dependent!
2020-09-10 22:31:25,717 [Worker-29: Building] INFO  o.e.m.c.i.embedder.EclipseLogger - skip non existing resourceDirectory /Users/dead_line/DEV/SpringMail/SpringPRJ/src/main/resources
2020-09-10 22:31:25,717 [Worker-29: Building] WARN  o.e.m.c.i.embedder.EclipseLogger - Using platform encoding (UTF-8 actually) to copy filtered resources, i.e. build is platform dependent!
2020-09-10 22:31:25,718 [Worker-29: Building] INFO  o.e.m.c.i.embedder.EclipseLogger - skip non existing resourceDirectory /Users/dead_line/DEV/SpringMail/SpringPRJ/src/test/resources
2020-09-10 22:32:09,938 [Worker-28: Building] WARN  o.e.m.c.i.embedder.EclipseLogger - Using platform encoding (UTF-8 actually) to copy filtered resources, i.e. build is platform dependent!
2020-09-10 22:32:09,939 [Worker-28: Building] INFO  o.e.m.c.i.embedder.EclipseLogger - skip non existing resourceDirectory /Users/dead_line/DEV/SpringMail/SpringPRJ/src/main/resources
2020-09-10 22:32:09,940 [Worker-28: Building] WARN  o.e.m.c.i.embedder.EclipseLogger - Using platform encoding (UTF-8 actually) to copy filtered resources, i.e. build is platform dependent!
2020-09-10 22:32:09,941 [Worker-28: Building] INFO  o.e.m.c.i.embedder.EclipseLogger - skip non existing resourceDirectory /Users/dead_line/DEV/SpringMail/SpringPRJ/src/test/resources
2020-09-10 22:32:17,478 [Worker-34: Building] WARN  o.e.m.c.i.embedder.EclipseLogger - Using platform encoding (UTF-8 actually) to copy filtered resources, i.e. build is platform dependent!
2020-09-10 22:32:17,479 [Worker-34: Building] INFO  o.e.m.c.i.embedder.EclipseLogger - skip non existing resourceDirectory /Users/dead_line/DEV/SpringMail/SpringPRJ/src/main/resources
2020-09-10 22:32:17,479 [Worker-34: Building] WARN  o.e.m.c.i.embedder.EclipseLogger - Using platform encoding (UTF-8 actually) to copy filtered resources, i.e. build is platform dependent!
2020-09-10 22:32:17,480 [Worker-34: Building] INFO  o.e.m.c.i.embedder.EclipseLogger - skip non existing resourceDirectory /Users/dead_line/DEV/SpringMail/SpringPRJ/src/test/resources
2020-09-10 22:32:22,630 [Worker-29: Building] WARN  o.e.m.c.i.embedder.EclipseLogger - Using platform encoding (UTF-8 actually) to copy filtered resources, i.e. build is platform dependent!
2020-09-10 22:32:22,631 [Worker-29: Building] INFO  o.e.m.c.i.embedder.EclipseLogger - skip non existing resourceDirectory /Users/dead_line/DEV/SpringMail/SpringPRJ/src/main/resources
2020-09-10 22:32:22,632 [Worker-29: Building] WARN  o.e.m.c.i.embedder.EclipseLogger - Using platform encoding (UTF-8 actually) to copy filtered resources, i.e. build is platform dependent!
2020-09-10 22:32:22,632 [Worker-29: Building] INFO  o.e.m.c.i.embedder.EclipseLogger - skip non existing resourceDirectory /Users/dead_line/DEV/SpringMail/SpringPRJ/src/test/resources
2020-09-10 22:32:27,998 [Worker-24: Building] WARN  o.e.m.c.i.embedder.EclipseLogger - Using platform encoding (UTF-8 actually) to copy filtered resources, i.e. build is platform dependent!
2020-09-10 22:32:27,999 [Worker-24: Building] INFO  o.e.m.c.i.embedder.EclipseLogger - skip non existing resourceDirectory /Users/dead_line/DEV/SpringMail/SpringPRJ/src/main/resources
2020-09-10 22:32:27,999 [Worker-24: Building] WARN  o.e.m.c.i.embedder.EclipseLogger - Using platform encoding (UTF-8 actually) to copy filtered resources, i.e. build is platform dependent!
2020-09-10 22:32:28,000 [Worker-24: Building] INFO  o.e.m.c.i.embedder.EclipseLogger - skip non existing resourceDirectory /Users/dead_line/DEV/SpringMail/SpringPRJ/src/test/resources
2020-09-10 22:32:45,881 [Worker-28: Building] WARN  o.e.m.c.i.embedder.EclipseLogger - Using platform encoding (UTF-8 actually) to copy filtered resources, i.e. build is platform dependent!
2020-09-10 22:32:45,881 [Worker-28: Building] INFO  o.e.m.c.i.embedder.EclipseLogger - skip non existing resourceDirectory /Users/dead_line/DEV/SpringMail/SpringPRJ/src/main/resources
2020-09-10 22:32:45,882 [Worker-28: Building] WARN  o.e.m.c.i.embedder.EclipseLogger - Using platform encoding (UTF-8 actually) to copy filtered resources, i.e. build is platform dependent!
2020-09-10 22:32:45,883 [Worker-28: Building] INFO  o.e.m.c.i.embedder.EclipseLogger - skip non existing resourceDirectory /Users/dead_line/DEV/SpringMail/SpringPRJ/src/test/resources
2020-09-10 22:32:48,373 [Worker-29: Building] WARN  o.e.m.c.i.embedder.EclipseLogger - Using platform encoding (UTF-8 actually) to copy filtered resources, i.e. build is platform dependent!
2020-09-10 22:32:48,374 [Worker-29: Building] INFO  o.e.m.c.i.embedder.EclipseLogger - skip non existing resourceDirectory /Users/dead_line/DEV/SpringMail/SpringPRJ/src/main/resources
2020-09-10 22:32:48,375 [Worker-29: Building] WARN  o.e.m.c.i.embedder.EclipseLogger - Using platform encoding (UTF-8 actually) to copy filtered resources, i.e. build is platform dependent!
2020-09-10 22:32:48,376 [Worker-29: Building] INFO  o.e.m.c.i.embedder.EclipseLogger - skip non existing resourceDirectory /Users/dead_line/DEV/SpringMail/SpringPRJ/src/test/resources
2020-09-10 22:33:36,613 [Worker-29: Building] WARN  o.e.m.c.i.embedder.EclipseLogger - Using platform encoding (UTF-8 actually) to copy filtered resources, i.e. build is platform dependent!
2020-09-10 22:33:36,614 [Worker-29: Building] INFO  o.e.m.c.i.embedder.EclipseLogger - skip non existing resourceDirectory /Users/dead_line/DEV/SpringMail/SpringPRJ/src/main/resources
2020-09-10 22:33:36,615 [Worker-29: Building] WARN  o.e.m.c.i.embedder.EclipseLogger - Using platform encoding (UTF-8 actually) to copy filtered resources, i.e. build is platform dependent!
2020-09-10 22:33:36,615 [Worker-29: Building] INFO  o.e.m.c.i.embedder.EclipseLogger - skip non existing resourceDirectory /Users/dead_line/DEV/SpringMail/SpringPRJ/src/test/resources
2020-09-10 22:34:06,697 [Worker-34: Building] WARN  o.e.m.c.i.embedder.EclipseLogger - Using platform encoding (UTF-8 actually) to copy filtered resources, i.e. build is platform dependent!
2020-09-10 22:34:06,698 [Worker-34: Building] INFO  o.e.m.c.i.embedder.EclipseLogger - skip non existing resourceDirectory /Users/dead_line/DEV/SpringMail/SpringPRJ/src/main/resources
2020-09-10 22:34:06,699 [Worker-34: Building] WARN  o.e.m.c.i.embedder.EclipseLogger - Using platform encoding (UTF-8 actually) to copy filtered resources, i.e. build is platform dependent!
2020-09-10 22:34:06,700 [Worker-34: Building] INFO  o.e.m.c.i.embedder.EclipseLogger - skip non existing resourceDirectory /Users/dead_line/DEV/SpringMail/SpringPRJ/src/test/resources
2020-09-10 22:34:23,301 [Worker-20: Building] WARN  o.e.m.c.i.embedder.EclipseLogger - Using platform encoding (UTF-8 actually) to copy filtered resources, i.e. build is platform dependent!
2020-09-10 22:34:23,302 [Worker-20: Building] INFO  o.e.m.c.i.embedder.EclipseLogger - skip non existing resourceDirectory /Users/dead_line/DEV/SpringMail/SpringPRJ/src/main/resources
2020-09-10 22:34:23,303 [Worker-20: Building] WARN  o.e.m.c.i.embedder.EclipseLogger - Using platform encoding (UTF-8 actually) to copy filtered resources, i.e. build is platform dependent!
2020-09-10 22:34:23,303 [Worker-20: Building] INFO  o.e.m.c.i.embedder.EclipseLogger - skip non existing resourceDirectory /Users/dead_line/DEV/SpringMail/SpringPRJ/src/test/resources
2020-09-10 22:35:10,210 [Worker-20: Building] WARN  o.e.m.c.i.embedder.EclipseLogger - Using platform encoding (UTF-8 actually) to copy filtered resources, i.e. build is platform dependent!
2020-09-10 22:35:10,212 [Worker-20: Building] INFO  o.e.m.c.i.embedder.EclipseLogger - skip non existing resourceDirectory /Users/dead_line/DEV/SpringMail/SpringPRJ/src/main/resources
2020-09-10 22:35:10,213 [Worker-20: Building] WARN  o.e.m.c.i.embedder.EclipseLogger - Using platform encoding (UTF-8 actually) to copy filtered resources, i.e. build is platform dependent!
2020-09-10 22:35:10,213 [Worker-20: Building] INFO  o.e.m.c.i.embedder.EclipseLogger - skip non existing resourceDirectory /Users/dead_line/DEV/SpringMail/SpringPRJ/src/test/resources
2020-09-10 22:35:58,555 [Worker-32: Building] WARN  o.e.m.c.i.embedder.EclipseLogger - Using platform encoding (UTF-8 actually) to copy filtered resources, i.e. build is platform dependent!
2020-09-10 22:35:58,556 [Worker-32: Building] INFO  o.e.m.c.i.embedder.EclipseLogger - skip non existing resourceDirectory /Users/dead_line/DEV/SpringMail/SpringPRJ/src/main/resources
2020-09-10 22:35:58,557 [Worker-32: Building] WARN  o.e.m.c.i.embedder.EclipseLogger - Using platform encoding (UTF-8 actually) to copy filtered resources, i.e. build is platform dependent!
2020-09-10 22:35:58,558 [Worker-32: Building] INFO  o.e.m.c.i.embedder.EclipseLogger - skip non existing resourceDirectory /Users/dead_line/DEV/SpringMail/SpringPRJ/src/test/resources
2020-09-10 22:36:17,514 [Worker-30: Building] WARN  o.e.m.c.i.embedder.EclipseLogger - Using platform encoding (UTF-8 actually) to copy filtered resources, i.e. build is platform dependent!
2020-09-10 22:36:17,515 [Worker-30: Building] INFO  o.e.m.c.i.embedder.EclipseLogger - skip non existing resourceDirectory /Users/dead_line/DEV/SpringMail/SpringPRJ/src/main/resources
2020-09-10 22:36:17,516 [Worker-30: Building] WARN  o.e.m.c.i.embedder.EclipseLogger - Using platform encoding (UTF-8 actually) to copy filtered resources, i.e. build is platform dependent!
2020-09-10 22:36:17,517 [Worker-30: Building] INFO  o.e.m.c.i.embedder.EclipseLogger - skip non existing resourceDirectory /Users/dead_line/DEV/SpringMail/SpringPRJ/src/test/resources
2020-09-10 22:37:43,793 [Worker-30: Building] WARN  o.e.m.c.i.embedder.EclipseLogger - Using platform encoding (UTF-8 actually) to copy filtered resources, i.e. build is platform dependent!
2020-09-10 22:37:43,795 [Worker-30: Building] INFO  o.e.m.c.i.embedder.EclipseLogger - skip non existing resourceDirectory /Users/dead_line/DEV/SpringMail/SpringPRJ/src/main/resources
2020-09-10 22:37:43,796 [Worker-30: Building] WARN  o.e.m.c.i.embedder.EclipseLogger - Using platform encoding (UTF-8 actually) to copy filtered resources, i.e. build is platform dependent!
2020-09-10 22:37:43,797 [Worker-30: Building] INFO  o.e.m.c.i.embedder.EclipseLogger - skip non existing resourceDirectory /Users/dead_line/DEV/SpringMail/SpringPRJ/src/test/resources
2020-09-10 22:38:44,366 [Worker-36: Building] WARN  o.e.m.c.i.embedder.EclipseLogger - Using platform encoding (UTF-8 actually) to copy filtered resources, i.e. build is platform dependent!
2020-09-10 22:38:44,367 [Worker-36: Building] INFO  o.e.m.c.i.embedder.EclipseLogger - skip non existing resourceDirectory /Users/dead_line/DEV/SpringMail/SpringPRJ/src/main/resources
2020-09-10 22:38:44,500 [Worker-36: Building] WARN  o.e.m.c.i.embedder.EclipseLogger - Using platform encoding (UTF-8 actually) to copy filtered resources, i.e. build is platform dependent!
2020-09-10 22:38:44,503 [Worker-36: Building] INFO  o.e.m.c.i.embedder.EclipseLogger - skip non existing resourceDirectory /Users/dead_line/DEV/SpringMail/SpringPRJ/src/test/resources
2020-09-10 22:38:47,528 [Worker-37: Building] WARN  o.e.m.c.i.embedder.EclipseLogger - Using platform encoding (UTF-8 actually) to copy filtered resources, i.e. build is platform dependent!
2020-09-10 22:38:47,529 [Worker-37: Building] INFO  o.e.m.c.i.embedder.EclipseLogger - skip non existing resourceDirectory /Users/dead_line/DEV/SpringMail/SpringPRJ/src/main/resources
2020-09-10 22:38:47,530 [Worker-37: Building] WARN  o.e.m.c.i.embedder.EclipseLogger - Using platform encoding (UTF-8 actually) to copy filtered resources, i.e. build is platform dependent!
2020-09-10 22:38:47,530 [Worker-37: Building] INFO  o.e.m.c.i.embedder.EclipseLogger - skip non existing resourceDirectory /Users/dead_line/DEV/SpringMail/SpringPRJ/src/test/resources
2020-09-10 22:38:53,903 [Worker-40: Building] WARN  o.e.m.c.i.embedder.EclipseLogger - Using platform encoding (UTF-8 actually) to copy filtered resources, i.e. build is platform dependent!
2020-09-10 22:38:53,904 [Worker-40: Building] INFO  o.e.m.c.i.embedder.EclipseLogger - skip non existing resourceDirectory /Users/dead_line/DEV/SpringMail/SpringPRJ/src/main/resources
2020-09-10 22:38:53,906 [Worker-40: Building] WARN  o.e.m.c.i.embedder.EclipseLogger - Using platform encoding (UTF-8 actually) to copy filtered resources, i.e. build is platform dependent!
2020-09-10 22:38:53,906 [Worker-40: Building] INFO  o.e.m.c.i.embedder.EclipseLogger - skip non existing resourceDirectory /Users/dead_line/DEV/SpringMail/SpringPRJ/src/test/resources
